<?xml version="1.0" encoding="UTF-8"?>
<coverage generated="1750354181771" clover="3.2.0">
  <project timestamp="1750354181771" name="All files">
    <metrics statements="209" coveredstatements="194" conditionals="147" coveredconditionals="118" methods="77" coveredmethods="75" elements="433" coveredelements="387" complexity="0" loc="209" ncloc="209" packages="2" files="9" classes="9"/>
    <package name="date-master">
      <metrics statements="101" coveredstatements="94" conditionals="59" coveredconditionals="47" methods="40" coveredmethods="38"/>
      <file name="unitTestingTask.js" path="/Users/bshtanhret/Downloads/date-master/unitTestingTask.js">
        <metrics statements="101" coveredstatements="94" conditionals="59" coveredconditionals="47" methods="40" coveredmethods="38"/>
        <line num="1" count="254" type="stmt"/>
        <line num="2" count="254" type="cond" truecount="2" falsecount="2"/>
        <line num="3" count="0" type="stmt"/>
        <line num="4" count="0" type="stmt"/>
        <line num="6" count="254" type="cond" truecount="1" falsecount="1"/>
        <line num="7" count="254" type="stmt"/>
        <line num="9" count="0" type="stmt"/>
        <line num="24" count="110" type="stmt"/>
        <line num="25" count="110" type="cond" truecount="2" falsecount="0"/>
        <line num="27" count="110" type="cond" truecount="1" falsecount="1"/>
        <line num="28" count="0" type="stmt"/>
        <line num="32" count="110" type="stmt"/>
        <line num="34" count="110" type="stmt"/>
        <line num="37" count="254" type="cond" truecount="2" falsecount="0"/>
        <line num="39" count="254" type="stmt"/>
        <line num="41" count="9" type="stmt"/>
        <line num="44" count="9" type="stmt"/>
        <line num="47" count="9" type="stmt"/>
        <line num="50" count="9" type="stmt"/>
        <line num="53" count="9" type="stmt"/>
        <line num="56" count="9" type="stmt"/>
        <line num="59" count="9" type="stmt"/>
        <line num="62" count="9" type="stmt"/>
        <line num="65" count="9" type="stmt"/>
        <line num="68" count="9" type="stmt"/>
        <line num="71" count="10" type="stmt"/>
        <line num="74" count="10" type="stmt"/>
        <line num="77" count="9" type="stmt"/>
        <line num="80" count="9" type="cond" truecount="1" falsecount="1"/>
        <line num="83" count="9" type="cond" truecount="1" falsecount="1"/>
        <line num="86" count="10" type="stmt"/>
        <line num="89" count="9" type="stmt"/>
        <line num="92" count="9" type="stmt"/>
        <line num="95" count="9" type="stmt"/>
        <line num="98" count="9" type="stmt"/>
        <line num="101" count="9" type="stmt"/>
        <line num="104" count="18" type="stmt"/>
        <line num="107" count="18" type="stmt"/>
        <line num="110" count="18" type="stmt"/>
        <line num="111" count="18" type="stmt"/>
        <line num="112" count="18" type="stmt"/>
        <line num="113" count="18" type="cond" truecount="1" falsecount="1"/>
        <line num="115" count="18" type="cond" truecount="2" falsecount="0"/>
        <line num="117" count="18" type="stmt"/>
        <line num="120" count="9" type="stmt"/>
        <line num="124" count="254" type="stmt"/>
        <line num="125" count="254" type="stmt"/>
        <line num="126" count="6350" type="cond" truecount="1" falsecount="1"/>
        <line num="127" count="6350" type="stmt"/>
        <line num="130" count="254" type="stmt"/>
        <line num="171" count="250" type="cond" truecount="4" falsecount="0"/>
        <line num="172" count="2" type="stmt"/>
        <line num="175" count="248" type="cond" truecount="6" falsecount="0"/>
        <line num="176" count="1" type="stmt"/>
        <line num="179" count="247" type="cond" truecount="4" falsecount="2"/>
        <line num="181" count="247" type="stmt"/>
        <line num="183" count="247" type="cond" truecount="2" falsecount="0"/>
        <line num="184" count="2" type="stmt"/>
        <line num="186" count="245" type="stmt"/>
        <line num="187" count="246" type="stmt"/>
        <line num="197" count="254" type="stmt"/>
        <line num="207" count="254" type="stmt"/>
        <line num="208" count="814" type="cond" truecount="2" falsecount="0"/>
        <line num="209" count="84" type="stmt"/>
        <line num="212" count="730" type="cond" truecount="2" falsecount="0"/>
        <line num="213" count="251" type="cond" truecount="3" falsecount="1"/>
        <line num="214" count="0" type="stmt"/>
        <line num="215" count="251" type="cond" truecount="1" falsecount="1"/>
        <line num="216" count="251" type="stmt"/>
        <line num="217" count="251" type="stmt"/>
        <line num="218" count="224" type="stmt"/>
        <line num="220" count="27" type="stmt"/>
        <line num="223" count="224" type="stmt"/>
        <line num="226" count="479" type="stmt"/>
        <line num="227" count="479" type="stmt"/>
        <line num="228" count="479" type="stmt"/>
        <line num="232" count="254" type="stmt"/>
        <line num="235" count="1" type="stmt"/>
        <line num="239" count="1" type="stmt"/>
        <line num="245" count="4" type="cond" truecount="2" falsecount="0"/>
        <line num="246" count="2" type="cond" truecount="2" falsecount="0"/>
        <line num="248" count="2" type="cond" truecount="2" falsecount="0"/>
        <line num="258" count="254" type="stmt"/>
        <line num="259" count="1018" type="stmt"/>
        <line num="260" count="2" type="cond" truecount="3" falsecount="0"/>
        <line num="261" count="2" type="stmt"/>
        <line num="270" count="254" type="stmt"/>
        <line num="290" count="254" type="stmt"/>
        <line num="291" count="1018" type="stmt"/>
        <line num="292" count="1018" type="stmt"/>
        <line num="300" count="254" type="stmt"/>
        <line num="301" count="4" type="stmt"/>
        <line num="305" count="254" type="stmt"/>
        <line num="306" count="254" type="stmt"/>
        <line num="307" count="254" type="stmt"/>
        <line num="308" count="254" type="stmt"/>
        <line num="311" count="254" type="stmt"/>
        <line num="318" count="254" type="stmt"/>
        <line num="319" count="0" type="stmt"/>
        <line num="320" count="0" type="stmt"/>
        <line num="323" count="254" type="stmt"/>
      </file>
    </package>
    <package name="date-master.lang">
      <metrics statements="108" coveredstatements="100" conditionals="88" coveredconditionals="71" methods="37" coveredmethods="37"/>
      <file name="be.js" path="/Users/bshtanhret/Downloads/date-master/lang/be.js">
        <metrics statements="17" coveredstatements="16" conditionals="14" coveredconditionals="12" methods="5" coveredmethods="5"/>
        <line num="1" count="33" type="stmt"/>
        <line num="2" count="33" type="cond" truecount="4" falsecount="0"/>
        <line num="3" count="1" type="stmt"/>
        <line num="4" count="32" type="cond" truecount="1" falsecount="1"/>
        <line num="5" count="32" type="stmt"/>
        <line num="7" count="0" type="stmt"/>
        <line num="10" count="32" type="stmt"/>
        <line num="16" count="1" type="cond" truecount="1" falsecount="1"/>
        <line num="17" count="1" type="stmt"/>
        <line num="21" count="1" type="stmt"/>
        <line num="27" count="8" type="cond" truecount="2" falsecount="0"/>
        <line num="28" count="2" type="stmt"/>
        <line num="29" count="6" type="cond" truecount="2" falsecount="0"/>
        <line num="30" count="2" type="stmt"/>
        <line num="31" count="4" type="cond" truecount="2" falsecount="0"/>
        <line num="32" count="2" type="stmt"/>
        <line num="34" count="2" type="stmt"/>
      </file>
      <file name="cs.js" path="/Users/bshtanhret/Downloads/date-master/lang/cs.js">
        <metrics statements="14" coveredstatements="13" conditionals="12" coveredconditionals="9" methods="5" coveredmethods="5"/>
        <line num="1" count="29" type="stmt"/>
        <line num="2" count="29" type="cond" truecount="4" falsecount="0"/>
        <line num="3" count="1" type="stmt"/>
        <line num="4" count="28" type="cond" truecount="1" falsecount="1"/>
        <line num="5" count="28" type="stmt"/>
        <line num="7" count="0" type="stmt"/>
        <line num="10" count="28" type="stmt"/>
        <line num="16" count="1" type="cond" truecount="1" falsecount="1"/>
        <line num="17" count="1" type="stmt"/>
        <line num="24" count="1" type="cond" truecount="1" falsecount="1"/>
        <line num="25" count="1" type="stmt"/>
        <line num="31" count="4" type="cond" truecount="2" falsecount="0"/>
        <line num="32" count="2" type="stmt"/>
        <line num="34" count="2" type="stmt"/>
      </file>
      <file name="kk.js" path="/Users/bshtanhret/Downloads/date-master/lang/kk.js">
        <metrics statements="10" coveredstatements="9" conditionals="8" coveredconditionals="6" methods="4" coveredmethods="4"/>
        <line num="1" count="25" type="stmt"/>
        <line num="2" count="25" type="cond" truecount="4" falsecount="0"/>
        <line num="3" count="1" type="stmt"/>
        <line num="4" count="24" type="cond" truecount="1" falsecount="1"/>
        <line num="5" count="24" type="stmt"/>
        <line num="7" count="0" type="stmt"/>
        <line num="10" count="24" type="stmt"/>
        <line num="16" count="1" type="cond" truecount="1" falsecount="1"/>
        <line num="17" count="1" type="stmt"/>
        <line num="21" count="1" type="stmt"/>
      </file>
      <file name="pl.js" path="/Users/bshtanhret/Downloads/date-master/lang/pl.js">
        <metrics statements="14" coveredstatements="13" conditionals="12" coveredconditionals="9" methods="5" coveredmethods="5"/>
        <line num="1" count="29" type="stmt"/>
        <line num="2" count="29" type="cond" truecount="4" falsecount="0"/>
        <line num="3" count="1" type="stmt"/>
        <line num="4" count="28" type="cond" truecount="1" falsecount="1"/>
        <line num="5" count="28" type="stmt"/>
        <line num="7" count="0" type="stmt"/>
        <line num="10" count="28" type="stmt"/>
        <line num="16" count="1" type="cond" truecount="1" falsecount="1"/>
        <line num="17" count="1" type="stmt"/>
        <line num="24" count="1" type="cond" truecount="1" falsecount="1"/>
        <line num="25" count="1" type="stmt"/>
        <line num="31" count="4" type="cond" truecount="2" falsecount="0"/>
        <line num="32" count="2" type="stmt"/>
        <line num="34" count="2" type="stmt"/>
      </file>
      <file name="ru.js" path="/Users/bshtanhret/Downloads/date-master/lang/ru.js">
        <metrics statements="18" coveredstatements="17" conditionals="16" coveredconditionals="13" methods="5" coveredmethods="5"/>
        <line num="1" count="33" type="stmt"/>
        <line num="2" count="33" type="cond" truecount="4" falsecount="0"/>
        <line num="3" count="1" type="stmt"/>
        <line num="4" count="32" type="cond" truecount="1" falsecount="1"/>
        <line num="5" count="32" type="stmt"/>
        <line num="7" count="0" type="stmt"/>
        <line num="10" count="32" type="stmt"/>
        <line num="16" count="1" type="cond" truecount="1" falsecount="1"/>
        <line num="17" count="1" type="stmt"/>
        <line num="24" count="1" type="cond" truecount="1" falsecount="1"/>
        <line num="25" count="1" type="stmt"/>
        <line num="31" count="8" type="cond" truecount="2" falsecount="0"/>
        <line num="32" count="2" type="stmt"/>
        <line num="33" count="6" type="cond" truecount="2" falsecount="0"/>
        <line num="34" count="2" type="stmt"/>
        <line num="35" count="4" type="cond" truecount="2" falsecount="0"/>
        <line num="36" count="2" type="stmt"/>
        <line num="38" count="2" type="stmt"/>
      </file>
      <file name="tr.js" path="/Users/bshtanhret/Downloads/date-master/lang/tr.js">
        <metrics statements="9" coveredstatements="8" conditionals="6" coveredconditionals="5" methods="4" coveredmethods="4"/>
        <line num="1" count="25" type="stmt"/>
        <line num="2" count="25" type="cond" truecount="4" falsecount="0"/>
        <line num="3" count="1" type="stmt"/>
        <line num="4" count="24" type="cond" truecount="1" falsecount="1"/>
        <line num="5" count="24" type="stmt"/>
        <line num="7" count="0" type="stmt"/>
        <line num="10" count="24" type="stmt"/>
        <line num="13" count="1" type="stmt"/>
        <line num="17" count="1" type="stmt"/>
      </file>
      <file name="tt.js" path="/Users/bshtanhret/Downloads/date-master/lang/tt.js">
        <metrics statements="9" coveredstatements="8" conditionals="6" coveredconditionals="5" methods="4" coveredmethods="4"/>
        <line num="1" count="25" type="stmt"/>
        <line num="2" count="25" type="cond" truecount="4" falsecount="0"/>
        <line num="3" count="1" type="stmt"/>
        <line num="4" count="24" type="cond" truecount="1" falsecount="1"/>
        <line num="5" count="24" type="stmt"/>
        <line num="7" count="0" type="stmt"/>
        <line num="10" count="24" type="stmt"/>
        <line num="13" count="1" type="stmt"/>
        <line num="17" count="1" type="stmt"/>
      </file>
      <file name="uk.js" path="/Users/bshtanhret/Downloads/date-master/lang/uk.js">
        <metrics statements="17" coveredstatements="16" conditionals="14" coveredconditionals="12" methods="5" coveredmethods="5"/>
        <line num="1" count="33" type="stmt"/>
        <line num="2" count="33" type="cond" truecount="4" falsecount="0"/>
        <line num="3" count="1" type="stmt"/>
        <line num="4" count="32" type="cond" truecount="1" falsecount="1"/>
        <line num="5" count="32" type="stmt"/>
        <line num="7" count="0" type="stmt"/>
        <line num="10" count="32" type="stmt"/>
        <line num="16" count="1" type="cond" truecount="1" falsecount="1"/>
        <line num="17" count="1" type="stmt"/>
        <line num="21" count="1" type="stmt"/>
        <line num="27" count="8" type="cond" truecount="2" falsecount="0"/>
        <line num="28" count="2" type="stmt"/>
        <line num="29" count="6" type="cond" truecount="2" falsecount="0"/>
        <line num="30" count="2" type="stmt"/>
        <line num="31" count="4" type="cond" truecount="2" falsecount="0"/>
        <line num="32" count="2" type="stmt"/>
        <line num="34" count="2" type="stmt"/>
      </file>
    </package>
  </project>
</coverage>
